<?xml version="1.0" encoding="UTF-8"?>
<!-- Generated by org.testng.reporters.JUnitReportReporter -->
<testsuite hostname="DESKTOP-IP80BGQ" failures="0" tests="3" name="com.qa.TestNgSessions.NetworkConditions" time="122.550" errors="0" timestamp="2021-12-04T12:24:19 IST" skipped="0">
  <testcase classname="com.qa.TestNgSessions.NetworkConditions" name="test" time="37.917"/>
  <system-out/>
  <testcase classname="com.qa.TestNgSessions.NetworkConditions" name="test" time="39.208"/>
  <system-out/>
  <testcase classname="com.qa.TestNgSessions.NetworkConditions" name="test" time="45.425"/>
  <system-out/>
</testsuite> <!-- com.qa.TestNgSessions.NetworkConditions -->
